<?xml version="1.0" encoding="UTF-8"?>
<testng-results ignored="0" total="10" passed="9" failed="1" skipped="0">
  <reporter-output>
  </reporter-output>
  <suite started-at="2025-11-02T21:15:45 IST" name="CURA Healthcare Test Suite" finished-at="2025-11-02T21:16:40 IST" duration-ms="55023">
    <groups>
    </groups>
    <test started-at="2025-11-02T21:15:45 IST" name="CURA Healthcare Smoke Tests" finished-at="2025-11-02T21:16:07 IST" duration-ms="22123">
      <class name="com.cura.tests.CuraHealthcareTests">
        <test-method is-config="true" signature="setUp(java.lang.String)[pri:0, instance:com.cura.tests.CuraHealthcareTests@65466a6a]" started-at="2025-11-02T21:15:45 IST" name="setUp" finished-at="2025-11-02T21:15:52 IST" duration-ms="6566" status="PASS">
          <params>
            <param index="0">
              <value>
                <![CDATA[chrome]]>
              </value>
            </param>
          </params>
          <reporter-output>
          </reporter-output>
        </test-method> <!-- setUp -->
        <test-method signature="testHomePageLoad()[pri:1, instance:com.cura.tests.CuraHealthcareTests@65466a6a]" started-at="2025-11-02T21:15:52 IST" name="testHomePageLoad" description="Verify home page loads successfully" finished-at="2025-11-02T21:15:52 IST" duration-ms="87" status="PASS">
          <reporter-output>
          </reporter-output>
        </test-method> <!-- testHomePageLoad -->
        <test-method is-config="true" signature="tearDown()[pri:0, instance:com.cura.tests.CuraHealthcareTests@65466a6a]" started-at="2025-11-02T21:15:52 IST" name="tearDown" finished-at="2025-11-02T21:15:52 IST" duration-ms="108" status="PASS">
          <reporter-output>
          </reporter-output>
        </test-method> <!-- tearDown -->
        <test-method is-config="true" signature="setUp(java.lang.String)[pri:0, instance:com.cura.tests.CuraHealthcareTests@65466a6a]" started-at="2025-11-02T21:15:52 IST" name="setUp" finished-at="2025-11-02T21:15:57 IST" duration-ms="4552" status="PASS">
          <params>
            <param index="0">
              <value>
                <![CDATA[chrome]]>
              </value>
            </param>
          </params>
          <reporter-output>
          </reporter-output>
        </test-method> <!-- setUp -->
        <test-method signature="testNavigateToLogin()[pri:2, instance:com.cura.tests.CuraHealthcareTests@65466a6a]" started-at="2025-11-02T21:15:57 IST" name="testNavigateToLogin" description="Verify navigation to login page" finished-at="2025-11-02T21:15:57 IST" duration-ms="738" status="PASS">
          <reporter-output>
          </reporter-output>
        </test-method> <!-- testNavigateToLogin -->
        <test-method is-config="true" signature="tearDown()[pri:0, instance:com.cura.tests.CuraHealthcareTests@65466a6a]" started-at="2025-11-02T21:15:57 IST" name="tearDown" finished-at="2025-11-02T21:15:57 IST" duration-ms="94" status="PASS">
          <reporter-output>
          </reporter-output>
        </test-method> <!-- tearDown -->
        <test-method is-config="true" signature="setUp(java.lang.String)[pri:0, instance:com.cura.tests.CuraHealthcareTests@65466a6a]" started-at="2025-11-02T21:15:57 IST" name="setUp" finished-at="2025-11-02T21:16:06 IST" duration-ms="8137" status="PASS">
          <params>
            <param index="0">
              <value>
                <![CDATA[chrome]]>
              </value>
            </param>
          </params>
          <reporter-output>
          </reporter-output>
        </test-method> <!-- setUp -->
        <test-method signature="testValidLogin()[pri:3, instance:com.cura.tests.CuraHealthcareTests@65466a6a]" started-at="2025-11-02T21:16:06 IST" name="testValidLogin" description="Verify login with valid credentials" finished-at="2025-11-02T21:16:07 IST" duration-ms="1688" status="PASS">
          <reporter-output>
          </reporter-output>
        </test-method> <!-- testValidLogin -->
        <test-method is-config="true" signature="tearDown()[pri:0, instance:com.cura.tests.CuraHealthcareTests@65466a6a]" started-at="2025-11-02T21:16:07 IST" name="tearDown" finished-at="2025-11-02T21:16:07 IST" duration-ms="94" status="PASS">
          <reporter-output>
          </reporter-output>
        </test-method> <!-- tearDown -->
      </class> <!-- com.cura.tests.CuraHealthcareTests -->
    </test> <!-- CURA Healthcare Smoke Tests -->
    <test started-at="2025-11-02T21:16:07 IST" name="CURA Healthcare End to End Test" finished-at="2025-11-02T21:16:18 IST" duration-ms="10249">
      <class name="com.cura.tests.CuraHealthcareTests">
        <test-method is-config="true" signature="setUp(java.lang.String)[pri:0, instance:com.cura.tests.CuraHealthcareTests@619713e5]" started-at="2025-11-02T21:16:07 IST" name="setUp" finished-at="2025-11-02T21:16:13 IST" duration-ms="6169" status="PASS">
          <params>
            <param index="0">
              <value>
                <![CDATA[chrome]]>
              </value>
            </param>
          </params>
          <reporter-output>
          </reporter-output>
        </test-method> <!-- setUp -->
        <test-method signature="testEndToEndAppointmentFlow()[pri:10, instance:com.cura.tests.CuraHealthcareTests@619713e5]" started-at="2025-11-02T21:16:13 IST" name="testEndToEndAppointmentFlow" description="End to end appointment booking flow" finished-at="2025-11-02T21:16:17 IST" duration-ms="3964" status="PASS">
          <reporter-output>
          </reporter-output>
        </test-method> <!-- testEndToEndAppointmentFlow -->
        <test-method is-config="true" signature="tearDown()[pri:0, instance:com.cura.tests.CuraHealthcareTests@619713e5]" started-at="2025-11-02T21:16:17 IST" name="tearDown" finished-at="2025-11-02T21:16:18 IST" duration-ms="114" status="PASS">
          <reporter-output>
          </reporter-output>
        </test-method> <!-- tearDown -->
      </class> <!-- com.cura.tests.CuraHealthcareTests -->
    </test> <!-- CURA Healthcare End to End Test -->
    <test started-at="2025-11-02T21:15:45 IST" name="CURA Healthcare Functional Tests" finished-at="2025-11-02T21:16:40 IST" duration-ms="55023">
      <class name="com.cura.tests.CuraHealthcareTests">
        <test-method is-config="true" signature="setUp(java.lang.String)[pri:0, instance:com.cura.tests.CuraHealthcareTests@130161f7]" started-at="2025-11-02T21:15:45 IST" name="setUp" finished-at="2025-11-02T21:15:51 IST" duration-ms="5834" status="PASS">
          <params>
            <param index="0">
              <value>
                <![CDATA[chrome]]>
              </value>
            </param>
          </params>
          <reporter-output>
          </reporter-output>
        </test-method> <!-- setUp -->
        <test-method signature="testInvalidLogin()[pri:4, instance:com.cura.tests.CuraHealthcareTests@130161f7]" started-at="2025-11-02T21:15:51 IST" name="testInvalidLogin" description="Verify login with invalid credentials" finished-at="2025-11-02T21:15:53 IST" duration-ms="2080" status="PASS">
          <reporter-output>
          </reporter-output>
        </test-method> <!-- testInvalidLogin -->
        <test-method is-config="true" signature="tearDown()[pri:0, instance:com.cura.tests.CuraHealthcareTests@130161f7]" started-at="2025-11-02T21:15:53 IST" name="tearDown" finished-at="2025-11-02T21:15:53 IST" duration-ms="94" status="PASS">
          <reporter-output>
          </reporter-output>
        </test-method> <!-- tearDown -->
        <test-method is-config="true" signature="setUp(java.lang.String)[pri:0, instance:com.cura.tests.CuraHealthcareTests@130161f7]" started-at="2025-11-02T21:15:53 IST" name="setUp" finished-at="2025-11-02T21:15:58 IST" duration-ms="4638" status="PASS">
          <params>
            <param index="0">
              <value>
                <![CDATA[chrome]]>
              </value>
            </param>
          </params>
          <reporter-output>
          </reporter-output>
        </test-method> <!-- setUp -->
        <test-method signature="testBookAppointmentWithAllDetails()[pri:5, instance:com.cura.tests.CuraHealthcareTests@130161f7]" started-at="2025-11-02T21:15:58 IST" name="testBookAppointmentWithAllDetails" description="Verify booking appointment with all details" finished-at="2025-11-02T21:16:01 IST" duration-ms="3324" status="PASS">
          <reporter-output>
          </reporter-output>
        </test-method> <!-- testBookAppointmentWithAllDetails -->
        <test-method is-config="true" signature="tearDown()[pri:0, instance:com.cura.tests.CuraHealthcareTests@130161f7]" started-at="2025-11-02T21:16:01 IST" name="tearDown" finished-at="2025-11-02T21:16:01 IST" duration-ms="91" status="PASS">
          <reporter-output>
          </reporter-output>
        </test-method> <!-- tearDown -->
        <test-method is-config="true" signature="setUp(java.lang.String)[pri:0, instance:com.cura.tests.CuraHealthcareTests@130161f7]" started-at="2025-11-02T21:16:01 IST" name="setUp" finished-at="2025-11-02T21:16:06 IST" duration-ms="4679" status="PASS">
          <params>
            <param index="0">
              <value>
                <![CDATA[chrome]]>
              </value>
            </param>
          </params>
          <reporter-output>
          </reporter-output>
        </test-method> <!-- setUp -->
        <test-method signature="testBookAppointmentWithoutReadmission()[pri:6, instance:com.cura.tests.CuraHealthcareTests@130161f7]" started-at="2025-11-02T21:16:06 IST" name="testBookAppointmentWithoutReadmission" description="Verify booking appointment without readmission" finished-at="2025-11-02T21:16:09 IST" duration-ms="2969" status="PASS">
          <reporter-output>
          </reporter-output>
        </test-method> <!-- testBookAppointmentWithoutReadmission -->
        <test-method is-config="true" signature="tearDown()[pri:0, instance:com.cura.tests.CuraHealthcareTests@130161f7]" started-at="2025-11-02T21:16:09 IST" name="tearDown" finished-at="2025-11-02T21:16:09 IST" duration-ms="95" status="PASS">
          <reporter-output>
          </reporter-output>
        </test-method> <!-- tearDown -->
        <test-method is-config="true" signature="setUp(java.lang.String)[pri:0, instance:com.cura.tests.CuraHealthcareTests@130161f7]" started-at="2025-11-02T21:16:09 IST" name="setUp" finished-at="2025-11-02T21:16:13 IST" duration-ms="4277" status="PASS">
          <params>
            <param index="0">
              <value>
                <![CDATA[chrome]]>
              </value>
            </param>
          </params>
          <reporter-output>
          </reporter-output>
        </test-method> <!-- setUp -->
        <test-method signature="testBookAppointmentWithNoneProgram()[pri:7, instance:com.cura.tests.CuraHealthcareTests@130161f7]" started-at="2025-11-02T21:16:13 IST" name="testBookAppointmentWithNoneProgram" description="Verify booking appointment with None healthcare program" finished-at="2025-11-02T21:16:17 IST" duration-ms="3562" status="PASS">
          <reporter-output>
          </reporter-output>
        </test-method> <!-- testBookAppointmentWithNoneProgram -->
        <test-method is-config="true" signature="tearDown()[pri:0, instance:com.cura.tests.CuraHealthcareTests@130161f7]" started-at="2025-11-02T21:16:17 IST" name="tearDown" finished-at="2025-11-02T21:16:17 IST" duration-ms="97" status="PASS">
          <reporter-output>
          </reporter-output>
        </test-method> <!-- tearDown -->
        <test-method is-config="true" signature="setUp(java.lang.String)[pri:0, instance:com.cura.tests.CuraHealthcareTests@130161f7]" started-at="2025-11-02T21:16:17 IST" name="setUp" finished-at="2025-11-02T21:16:21 IST" duration-ms="3839" status="PASS">
          <params>
            <param index="0">
              <value>
                <![CDATA[chrome]]>
              </value>
            </param>
          </params>
          <reporter-output>
          </reporter-output>
        </test-method> <!-- setUp -->
        <test-method signature="testLogout()[pri:8, instance:com.cura.tests.CuraHealthcareTests@130161f7]" started-at="2025-11-02T21:16:21 IST" name="testLogout" description="Verify logout functionality" finished-at="2025-11-02T21:16:24 IST" duration-ms="3365" status="PASS">
          <reporter-output>
          </reporter-output>
        </test-method> <!-- testLogout -->
        <test-method is-config="true" signature="tearDown()[pri:0, instance:com.cura.tests.CuraHealthcareTests@130161f7]" started-at="2025-11-02T21:16:24 IST" name="tearDown" finished-at="2025-11-02T21:16:24 IST" duration-ms="101" status="PASS">
          <reporter-output>
          </reporter-output>
        </test-method> <!-- tearDown -->
        <test-method is-config="true" signature="setUp(java.lang.String)[pri:0, instance:com.cura.tests.CuraHealthcareTests@130161f7]" started-at="2025-11-02T21:16:24 IST" name="setUp" finished-at="2025-11-02T21:16:28 IST" duration-ms="3944" status="PASS">
          <params>
            <param index="0">
              <value>
                <![CDATA[chrome]]>
              </value>
            </param>
          </params>
          <reporter-output>
          </reporter-output>
        </test-method> <!-- setUp -->
        <test-method signature="testMenuNavigation()[pri:9, instance:com.cura.tests.CuraHealthcareTests@130161f7]" started-at="2025-11-02T21:16:28 IST" name="testMenuNavigation" description="Verify menu navigation" finished-at="2025-11-02T21:16:40 IST" duration-ms="11387" status="FAIL">
          <exception class="org.openqa.selenium.TimeoutException">
            <message>
              <![CDATA[Expected condition failed: waiting for element to be clickable: [[ChromeDriver: chrome on linux (9ce1844a70d471f99585b30c14b0065a)] -> xpath: //a[contains(text(),'Login')]] (tried for 10 second(s) with 500 milliseconds interval)
Build info: version: '4.15.0', revision: '1d14b5521b'
System info: os.name: 'Linux', os.arch: 'amd64', os.version: '6.14.0-33-generic', java.version: '21.0.8'
Driver info: org.openqa.selenium.chrome.ChromeDriver
Capabilities {acceptInsecureCerts: false, browserName: chrome, browserVersion: 131.0.6778.139, chrome: {chromedriverVersion: 131.0.6778.264 (2d05e315153..., userDataDir: /tmp/.org.chromium.Chromium...}, fedcm:accounts: true, goog:chromeOptions: {debuggerAddress: localhost:42977}, networkConnectionEnabled: false, pageLoadStrategy: normal, platformName: linux, proxy: Proxy(), se:cdp: ws://localhost:42977/devtoo..., se:cdpVersion: 131.0.6778.139, setWindowRect: true, strictFileInteractability: false, timeouts: {implicit: 0, pageLoad: 300000, script: 30000}, unhandledPromptBehavior: dismiss and notify, webauthn:extension:credBlob: true, webauthn:extension:largeBlob: true, webauthn:extension:minPinLength: true, webauthn:extension:prf: true, webauthn:virtualAuthenticators: true}
Session ID: 9ce1844a70d471f99585b30c14b0065a]]>
            </message>
            <full-stacktrace>
              <![CDATA[org.openqa.selenium.TimeoutException: Expected condition failed: waiting for element to be clickable: [[ChromeDriver: chrome on linux (9ce1844a70d471f99585b30c14b0065a)] -> xpath: //a[contains(text(),'Login')]] (tried for 10 second(s) with 500 milliseconds interval)
Build info: version: '4.15.0', revision: '1d14b5521b'
System info: os.name: 'Linux', os.arch: 'amd64', os.version: '6.14.0-33-generic', java.version: '21.0.8'
Driver info: org.openqa.selenium.chrome.ChromeDriver
Capabilities {acceptInsecureCerts: false, browserName: chrome, browserVersion: 131.0.6778.139, chrome: {chromedriverVersion: 131.0.6778.264 (2d05e315153..., userDataDir: /tmp/.org.chromium.Chromium...}, fedcm:accounts: true, goog:chromeOptions: {debuggerAddress: localhost:42977}, networkConnectionEnabled: false, pageLoadStrategy: normal, platformName: linux, proxy: Proxy(), se:cdp: ws://localhost:42977/devtoo..., se:cdpVersion: 131.0.6778.139, setWindowRect: true, strictFileInteractability: false, timeouts: {implicit: 0, pageLoad: 300000, script: 30000}, unhandledPromptBehavior: dismiss and notify, webauthn:extension:credBlob: true, webauthn:extension:largeBlob: true, webauthn:extension:minPinLength: true, webauthn:extension:prf: true, webauthn:virtualAuthenticators: true}
Session ID: 9ce1844a70d471f99585b30c14b0065a
at org.openqa.selenium.support.ui.WebDriverWait.timeoutException(WebDriverWait.java:84)
at org.openqa.selenium.support.ui.FluentWait.until(FluentWait.java:229)
at com.cura.pages.HomePage.clickLoginFromMenu(HomePage.java:62)
at com.cura.tests.CuraHealthcareTests.testMenuNavigation(CuraHealthcareTests.java:197)
at java.base/jdk.internal.reflect.DirectMethodHandleAccessor.invoke(DirectMethodHandleAccessor.java:103)
at java.base/java.lang.reflect.Method.invoke(Method.java:580)
at org.testng.internal.invokers.MethodInvocationHelper.invokeMethod(MethodInvocationHelper.java:139)
at org.testng.internal.invokers.TestInvoker.invokeMethod(TestInvoker.java:664)
at org.testng.internal.invokers.TestInvoker.invokeTestMethod(TestInvoker.java:227)
at org.testng.internal.invokers.MethodRunner.runInSequence(MethodRunner.java:50)
at org.testng.internal.invokers.TestInvoker$MethodInvocationAgent.invoke(TestInvoker.java:957)
at org.testng.internal.invokers.TestInvoker.invokeTestMethods(TestInvoker.java:200)
at org.testng.internal.invokers.TestMethodWorker.invokeTestMethods(TestMethodWorker.java:148)
at org.testng.internal.invokers.TestMethodWorker.run(TestMethodWorker.java:128)
at java.base/java.util.ArrayList.forEach(ArrayList.java:1596)
at org.testng.TestRunner.privateRun(TestRunner.java:848)
at org.testng.TestRunner.run(TestRunner.java:621)
at org.testng.SuiteRunner.runTest(SuiteRunner.java:443)
at org.testng.SuiteRunner$SuiteWorker.run(SuiteRunner.java:481)
at org.testng.internal.thread.ThreadUtil.lambda$execute$0(ThreadUtil.java:58)
at java.base/java.util.concurrent.FutureTask.run(FutureTask.java:317)
at java.base/java.util.concurrent.ThreadPoolExecutor.runWorker(ThreadPoolExecutor.java:1144)
at java.base/java.util.concurrent.ThreadPoolExecutor$Worker.run(ThreadPoolExecutor.java:642)
at java.base/java.lang.Thread.run(Thread.java:1583)
]]>
            </full-stacktrace>
          </exception> <!-- org.openqa.selenium.TimeoutException -->
          <reporter-output>
          </reporter-output>
        </test-method> <!-- testMenuNavigation -->
        <test-method is-config="true" signature="tearDown()[pri:0, instance:com.cura.tests.CuraHealthcareTests@130161f7]" started-at="2025-11-02T21:16:40 IST" name="tearDown" finished-at="2025-11-02T21:16:40 IST" duration-ms="129" status="PASS">
          <reporter-output>
          </reporter-output>
        </test-method> <!-- tearDown -->
      </class> <!-- com.cura.tests.CuraHealthcareTests -->
    </test> <!-- CURA Healthcare Functional Tests -->
  </suite> <!-- CURA Healthcare Test Suite -->
</testng-results>
