<?xml version="1.0" encoding="UTF-8"?>
<!-- Generated by org.testng.reporters.JUnitXMLReporter -->
<testsuite ignored="7" hostname="akshays-Lenovo-ideapad-330-15ARR" failures="0" tests="3" name="CURA Healthcare Smoke Tests" time="22.123" errors="0" timestamp="2025-11-02T21:16:07 IST">
  <testcase classname="com.cura.tests.CuraHealthcareTests" name="testHomePageLoad" time="0.087"/>
  <testcase classname="com.cura.tests.CuraHealthcareTests" name="testNavigateToLogin" time="0.738"/>
  <testcase classname="com.cura.tests.CuraHealthcareTests" name="testValidLogin" time="1.688"/>
  <testcase classname="com.cura.tests.CuraHealthcareTests" name="testBookAppointmentWithAllDetails" time="0.0">
    <ignored/>
  </testcase> <!-- testBookAppointmentWithAllDetails -->
  <testcase classname="com.cura.tests.CuraHealthcareTests" name="testMenuNavigation" time="0.0">
    <ignored/>
  </testcase> <!-- testMenuNavigation -->
  <testcase classname="com.cura.tests.CuraHealthcareTests" name="testInvalidLogin" time="0.0">
    <ignored/>
  </testcase> <!-- testInvalidLogin -->
  <testcase classname="com.cura.tests.CuraHealthcareTests" name="testBookAppointmentWithoutReadmission" time="0.0">
    <ignored/>
  </testcase> <!-- testBookAppointmentWithoutReadmission -->
  <testcase classname="com.cura.tests.CuraHealthcareTests" name="testEndToEndAppointmentFlow" time="0.0">
    <ignored/>
  </testcase> <!-- testEndToEndAppointmentFlow -->
  <testcase classname="com.cura.tests.CuraHealthcareTests" name="testLogout" time="0.0">
    <ignored/>
  </testcase> <!-- testLogout -->
  <testcase classname="com.cura.tests.CuraHealthcareTests" name="testBookAppointmentWithNoneProgram" time="0.0">
    <ignored/>
  </testcase> <!-- testBookAppointmentWithNoneProgram -->
</testsuite> <!-- CURA Healthcare Smoke Tests -->
