<?xml version="1.0" encoding="UTF-8"?>
<!-- Generated by org.testng.reporters.JUnitXMLReporter -->
<testsuite ignored="9" hostname="akshays-Lenovo-ideapad-330-15ARR" failures="0" tests="1" name="CURA Healthcare End to End Test" time="10.249" errors="0" timestamp="2025-11-02T21:16:18 IST">
  <testcase classname="com.cura.tests.CuraHealthcareTests" name="testEndToEndAppointmentFlow" time="3.964"/>
  <testcase classname="com.cura.tests.CuraHealthcareTests" name="testValidLogin" time="0.0">
    <ignored/>
  </testcase> <!-- testValidLogin -->
  <testcase classname="com.cura.tests.CuraHealthcareTests" name="testLogout" time="0.0">
    <ignored/>
  </testcase> <!-- testLogout -->
  <testcase classname="com.cura.tests.CuraHealthcareTests" name="testBookAppointmentWithAllDetails" time="0.0">
    <ignored/>
  </testcase> <!-- testBookAppointmentWithAllDetails -->
  <testcase classname="com.cura.tests.CuraHealthcareTests" name="testNavigateToLogin" time="0.0">
    <ignored/>
  </testcase> <!-- testNavigateToLogin -->
  <testcase classname="com.cura.tests.CuraHealthcareTests" name="testBookAppointmentWithNoneProgram" time="0.0">
    <ignored/>
  </testcase> <!-- testBookAppointmentWithNoneProgram -->
  <testcase classname="com.cura.tests.CuraHealthcareTests" name="testInvalidLogin" time="0.0">
    <ignored/>
  </testcase> <!-- testInvalidLogin -->
  <testcase classname="com.cura.tests.CuraHealthcareTests" name="testMenuNavigation" time="0.0">
    <ignored/>
  </testcase> <!-- testMenuNavigation -->
  <testcase classname="com.cura.tests.CuraHealthcareTests" name="testBookAppointmentWithoutReadmission" time="0.0">
    <ignored/>
  </testcase> <!-- testBookAppointmentWithoutReadmission -->
  <testcase classname="com.cura.tests.CuraHealthcareTests" name="testHomePageLoad" time="0.0">
    <ignored/>
  </testcase> <!-- testHomePageLoad -->
</testsuite> <!-- CURA Healthcare End to End Test -->
