<?xml version="1.0" encoding="UTF-8"?>
<!-- Generated by org.testng.reporters.JUnitXMLReporter -->
<testsuite ignored="4" hostname="akshays-Lenovo-ideapad-330-15ARR" failures="1" tests="6" name="CURA Healthcare Functional Tests" time="55.023" errors="0" timestamp="2025-11-02T21:16:40 IST">
  <testcase classname="com.cura.tests.CuraHealthcareTests" name="testInvalidLogin" time="2.08"/>
  <testcase classname="com.cura.tests.CuraHealthcareTests" name="testBookAppointmentWithAllDetails" time="3.324"/>
  <testcase classname="com.cura.tests.CuraHealthcareTests" name="testBookAppointmentWithoutReadmission" time="2.969"/>
  <testcase classname="com.cura.tests.CuraHealthcareTests" name="testBookAppointmentWithNoneProgram" time="3.562"/>
  <testcase classname="com.cura.tests.CuraHealthcareTests" name="testLogout" time="3.365"/>
  <testcase classname="com.cura.tests.CuraHealthcareTests" name="testMenuNavigation" time="11.387">
    <failure type="org.openqa.selenium.TimeoutException" message="Expected condition failed: waiting for element to be clickable: [[ChromeDriver: chrome on linux (9ce1844a70d471f99585b30c14b0065a)] -&amp;gt; xpath: //a[contains(text(),&amp;apos;Login&amp;apos;)]] (tried for 10 second(s) with 500 milliseconds interval)
Build info: version: &amp;apos;4.15.0&amp;apos;, revision: &amp;apos;1d14b5521b&amp;apos;
System info: os.name: &amp;apos;Linux&amp;apos;, os.arch: &amp;apos;amd64&amp;apos;, os.version: &amp;apos;6.14.0-33-generic&amp;apos;, java.version: &amp;apos;21.0.8&amp;apos;
Driver info: org.openqa.selenium.chrome.ChromeDriver
Capabilities {acceptInsecureCerts: false, browserName: chrome, browserVersion: 131.0.6778.139, chrome: {chromedriverVersion: 131.0.6778.264 (2d05e315153..., userDataDir: /tmp/.org.chromium.Chromium...}, fedcm:accounts: true, goog:chromeOptions: {debuggerAddress: localhost:42977}, networkConnectionEnabled: false, pageLoadStrategy: normal, platformName: linux, proxy: Proxy(), se:cdp: ws://localhost:42977/devtoo..., se:cdpVersion: 131.0.6778.139, setWindowRect: true, strictFileInteractability: false, timeouts: {implicit: 0, pageLoad: 300000, script: 30000}, unhandledPromptBehavior: dismiss and notify, webauthn:extension:credBlob: true, webauthn:extension:largeBlob: true, webauthn:extension:minPinLength: true, webauthn:extension:prf: true, webauthn:virtualAuthenticators: true}
Session ID: 9ce1844a70d471f99585b30c14b0065a">
      <![CDATA[org.openqa.selenium.TimeoutException: Expected condition failed: waiting for element to be clickable: [[ChromeDriver: chrome on linux (9ce1844a70d471f99585b30c14b0065a)] -> xpath: //a[contains(text(),'Login')]] (tried for 10 second(s) with 500 milliseconds interval)
Build info: version: '4.15.0', revision: '1d14b5521b'
System info: os.name: 'Linux', os.arch: 'amd64', os.version: '6.14.0-33-generic', java.version: '21.0.8'
Driver info: org.openqa.selenium.chrome.ChromeDriver
Capabilities {acceptInsecureCerts: false, browserName: chrome, browserVersion: 131.0.6778.139, chrome: {chromedriverVersion: 131.0.6778.264 (2d05e315153..., userDataDir: /tmp/.org.chromium.Chromium...}, fedcm:accounts: true, goog:chromeOptions: {debuggerAddress: localhost:42977}, networkConnectionEnabled: false, pageLoadStrategy: normal, platformName: linux, proxy: Proxy(), se:cdp: ws://localhost:42977/devtoo..., se:cdpVersion: 131.0.6778.139, setWindowRect: true, strictFileInteractability: false, timeouts: {implicit: 0, pageLoad: 300000, script: 30000}, unhandledPromptBehavior: dismiss and notify, webauthn:extension:credBlob: true, webauthn:extension:largeBlob: true, webauthn:extension:minPinLength: true, webauthn:extension:prf: true, webauthn:virtualAuthenticators: true}
Session ID: 9ce1844a70d471f99585b30c14b0065a
at org.openqa.selenium.support.ui.WebDriverWait.timeoutException(WebDriverWait.java:84)
at org.openqa.selenium.support.ui.FluentWait.until(FluentWait.java:229)
at com.cura.pages.HomePage.clickLoginFromMenu(HomePage.java:62)
at com.cura.tests.CuraHealthcareTests.testMenuNavigation(CuraHealthcareTests.java:197)
at java.base/java.util.ArrayList.forEach(ArrayList.java:1596)
at java.base/java.util.concurrent.FutureTask.run(FutureTask.java:317)
at java.base/java.util.concurrent.ThreadPoolExecutor.runWorker(ThreadPoolExecutor.java:1144)
at java.base/java.util.concurrent.ThreadPoolExecutor$Worker.run(ThreadPoolExecutor.java:642)
at java.base/java.lang.Thread.run(Thread.java:1583)
... Removed 15 stack frames]]>
    </failure>
  </testcase> <!-- testMenuNavigation -->
  <testcase classname="com.cura.tests.CuraHealthcareTests" name="testEndToEndAppointmentFlow" time="0.0">
    <ignored/>
  </testcase> <!-- testEndToEndAppointmentFlow -->
  <testcase classname="com.cura.tests.CuraHealthcareTests" name="testNavigateToLogin" time="0.0">
    <ignored/>
  </testcase> <!-- testNavigateToLogin -->
  <testcase classname="com.cura.tests.CuraHealthcareTests" name="testValidLogin" time="0.0">
    <ignored/>
  </testcase> <!-- testValidLogin -->
  <testcase classname="com.cura.tests.CuraHealthcareTests" name="testHomePageLoad" time="0.0">
    <ignored/>
  </testcase> <!-- testHomePageLoad -->
</testsuite> <!-- CURA Healthcare Functional Tests -->
